<?xml version="1.0" encoding="UTF-8"?>
<!-- Generated by org.testng.reporters.JUnitXMLReporter -->
<testsuite hostname="Srinivas" name="BankingAppFirefoxTest" tests="5" failures="3" timestamp="21 Aug 2021 10:57:31 GMT" time="38.008" errors="0">
  <testcase name="loginTest" time="8.291" classname="com.inetBankingV4.testCases.TC_LoginDDT_002"/>
  <testcase name="loginTest" time="4.895" classname="com.inetBankingV4.testCases.TC_LoginDDT_002">
    <failure type="java.lang.AssertionError" message="expected [true] but found [false]">
      <![CDATA[java.lang.AssertionError: expected [true] but found [false]
	at com.inetBankingV4.testCases.TC_LoginDDT_002.loginTest(TC_LoginDDT_002.java:30)
	at java.util.concurrent.ThreadPoolExecutor.runWorker(Unknown Source)
	at java.util.concurrent.ThreadPoolExecutor$Worker.run(Unknown Source)
	at java.lang.Thread.run(Unknown Source)
... Removed 14 stack frames]]>
    </failure>
  </testcase> <!-- loginTest -->
  <testcase name="loginTest" time="4.618" classname="com.inetBankingV4.testCases.TC_LoginDDT_002">
    <failure type="java.lang.AssertionError" message="expected [true] but found [false]">
      <![CDATA[java.lang.AssertionError: expected [true] but found [false]
	at com.inetBankingV4.testCases.TC_LoginDDT_002.loginTest(TC_LoginDDT_002.java:30)
	at java.util.concurrent.ThreadPoolExecutor.runWorker(Unknown Source)
	at java.util.concurrent.ThreadPoolExecutor$Worker.run(Unknown Source)
	at java.lang.Thread.run(Unknown Source)
... Removed 14 stack frames]]>
    </failure>
  </testcase> <!-- loginTest -->
  <testcase name="loginTest" time="8.926" classname="com.inetBankingV4.testCases.TC_LoginDDT_002"/>
  <testcase name="loginTest" time="4.94" classname="com.inetBankingV4.testCases.TC_LoginDDT_002">
    <failure type="java.lang.AssertionError" message="expected [true] but found [false]">
      <![CDATA[java.lang.AssertionError: expected [true] but found [false]
	at com.inetBankingV4.testCases.TC_LoginDDT_002.loginTest(TC_LoginDDT_002.java:30)
	at java.util.concurrent.ThreadPoolExecutor.runWorker(Unknown Source)
	at java.util.concurrent.ThreadPoolExecutor$Worker.run(Unknown Source)
	at java.lang.Thread.run(Unknown Source)
... Removed 14 stack frames]]>
    </failure>
  </testcase> <!-- loginTest -->
</testsuite> <!-- BankingAppFirefoxTest -->
