<?xml version="1.0" encoding="UTF-8"?>
<testng-results skipped="0" failed="0" total="4" passed="4">
  <reporter-output>
  </reporter-output>
  <suite name="InetBankingV4" duration-ms="49793" started-at="2021-09-21T17:58:09Z" finished-at="2021-09-21T17:58:59Z">
    <groups>
    </groups>
    <test name="BankingAppChromeTest" duration-ms="25833" started-at="2021-09-21T17:58:09Z" finished-at="2021-09-21T17:58:35Z">
      <class name="com.inetBankingV4.testCases.TC_LoginDDT_002">
        <test-method status="PASS" signature="setUp(java.lang.String)[pri:0, instance:com.inetBankingV4.testCases.TC_LoginDDT_002@735f7ae5]" name="setUp" is-config="true" duration-ms="4193" started-at="2021-09-21T23:28:09Z" finished-at="2021-09-21T23:28:13Z">
          <params>
            <param index="0">
              <value>
                <![CDATA[chrome]]>
              </value>
            </param>
          </params>
          <reporter-output>
          </reporter-output>
        </test-method> <!-- setUp -->
        <test-method status="PASS" signature="loginTest(java.lang.String, java.lang.String)[pri:0, instance:com.inetBankingV4.testCases.TC_LoginDDT_002@735f7ae5]" name="loginTest" duration-ms="9943" started-at="2021-09-21T23:28:15Z" data-provider="LoginData" finished-at="2021-09-21T23:28:24Z">
          <params>
            <param index="0">
              <value>
                <![CDATA[mngr353180]]>
              </value>
            </param>
            <param index="1">
              <value>
                <![CDATA[nerynYt]]>
              </value>
            </param>
          </params>
          <reporter-output>
          </reporter-output>
        </test-method> <!-- loginTest -->
        <test-method status="PASS" signature="loginTest(java.lang.String, java.lang.String)[pri:0, instance:com.inetBankingV4.testCases.TC_LoginDDT_002@735f7ae5]" name="loginTest" duration-ms="9671" started-at="2021-09-21T23:28:24Z" data-provider="LoginData" finished-at="2021-09-21T23:28:34Z">
          <params>
            <param index="0">
              <value>
                <![CDATA[mngr353180]]>
              </value>
            </param>
            <param index="1">
              <value>
                <![CDATA[nerynYt]]>
              </value>
            </param>
          </params>
          <reporter-output>
          </reporter-output>
        </test-method> <!-- loginTest -->
        <test-method status="PASS" signature="tearDown()[pri:0, instance:com.inetBankingV4.testCases.TC_LoginDDT_002@735f7ae5]" name="tearDown" is-config="true" duration-ms="646" started-at="2021-09-21T23:28:34Z" finished-at="2021-09-21T23:28:35Z">
          <reporter-output>
          </reporter-output>
        </test-method> <!-- tearDown -->
      </class> <!-- com.inetBankingV4.testCases.TC_LoginDDT_002 -->
    </test> <!-- BankingAppChromeTest -->
    <test name="BankingAppFirefoxTest" duration-ms="23661" started-at="2021-09-21T17:58:35Z" finished-at="2021-09-21T17:58:59Z">
      <class name="com.inetBankingV4.testCases.TC_LoginDDT_002">
        <test-method status="PASS" signature="setUp(java.lang.String)[pri:0, instance:com.inetBankingV4.testCases.TC_LoginDDT_002@1936f0f5]" name="setUp" is-config="true" duration-ms="5479" started-at="2021-09-21T23:28:35Z" finished-at="2021-09-21T23:28:41Z">
          <params>
            <param index="0">
              <value>
                <![CDATA[firefox]]>
              </value>
            </param>
          </params>
          <reporter-output>
          </reporter-output>
        </test-method> <!-- setUp -->
        <test-method status="PASS" signature="loginTest(java.lang.String, java.lang.String)[pri:0, instance:com.inetBankingV4.testCases.TC_LoginDDT_002@1936f0f5]" name="loginTest" duration-ms="8395" started-at="2021-09-21T23:28:41Z" data-provider="LoginData" finished-at="2021-09-21T23:28:49Z">
          <params>
            <param index="0">
              <value>
                <![CDATA[mngr353180]]>
              </value>
            </param>
            <param index="1">
              <value>
                <![CDATA[nerynYt]]>
              </value>
            </param>
          </params>
          <reporter-output>
          </reporter-output>
        </test-method> <!-- loginTest -->
        <test-method status="PASS" signature="loginTest(java.lang.String, java.lang.String)[pri:0, instance:com.inetBankingV4.testCases.TC_LoginDDT_002@1936f0f5]" name="loginTest" duration-ms="8937" started-at="2021-09-21T23:28:49Z" data-provider="LoginData" finished-at="2021-09-21T23:28:58Z">
          <params>
            <param index="0">
              <value>
                <![CDATA[mngr353180]]>
              </value>
            </param>
            <param index="1">
              <value>
                <![CDATA[nerynYt]]>
              </value>
            </param>
          </params>
          <reporter-output>
          </reporter-output>
        </test-method> <!-- loginTest -->
        <test-method status="PASS" signature="tearDown()[pri:0, instance:com.inetBankingV4.testCases.TC_LoginDDT_002@1936f0f5]" name="tearDown" is-config="true" duration-ms="759" started-at="2021-09-21T23:28:58Z" finished-at="2021-09-21T23:28:59Z">
          <reporter-output>
          </reporter-output>
        </test-method> <!-- tearDown -->
      </class> <!-- com.inetBankingV4.testCases.TC_LoginDDT_002 -->
    </test> <!-- BankingAppFirefoxTest -->
  </suite> <!-- InetBankingV4 -->
</testng-results>
